<?xml version="1.0" encoding="UTF-8"?>
<!-- Generated by org.testng.reporters.JUnitXMLReporter -->
<testsuite ignored="0" hostname="sabla" failures="2" tests="6" name="Testng.xml" time="0.064" errors="0" timestamp="2024-06-18T22:04:50 IST">
  <testcase classname="testscript.BaseClass" name="@BeforeMethod intializeBrowser" time="-1.718728490489E9">
    <failure type="org.testng.TestNGException" message="
Parameter &amp;apos;browser&amp;apos; is required by BeforeMethod on method intializeBrowser but has not been marked @Optional or defined
in C:\Users\Sablals\eclipse-workspace\7rMart_Project\testNG.xml">
      <![CDATA[org.testng.TestNGException: 
Parameter 'browser' is required by BeforeMethod on method intializeBrowser but has not been marked @Optional or defined
in C:\Users\Sablals\eclipse-workspace\7rMart_Project\testNG.xml
at java.base/java.util.ArrayList.forEach(ArrayList.java:1511)
... Removed 32 stack frames]]>
    </failure>
  </testcase> <!-- @BeforeMethod intializeBrowser -->
  <testcase classname="testscript.BaseClass" name="@AfterMethod browserQuit" time="0.0">
    <skipped/>
  </testcase> <!-- @AfterMethod browserQuit -->
  <testcase classname="testscript.BaseClass" name="@BeforeMethod intializeBrowser" time="-1.718728490514E9">
    <failure type="org.testng.TestNGException" message="
Parameter &amp;apos;browser&amp;apos; is required by BeforeMethod on method intializeBrowser but has not been marked @Optional or defined
in C:\Users\Sablals\eclipse-workspace\7rMart_Project\testNG.xml">
      <![CDATA[org.testng.TestNGException: 
Parameter 'browser' is required by BeforeMethod on method intializeBrowser but has not been marked @Optional or defined
in C:\Users\Sablals\eclipse-workspace\7rMart_Project\testNG.xml
at java.base/java.util.ArrayList.forEach(ArrayList.java:1511)
... Removed 32 stack frames]]>
    </failure>
  </testcase> <!-- @BeforeMethod intializeBrowser -->
  <testcase classname="testscript.BaseClass" name="@AfterMethod browserQuit" time="0.0">
    <skipped/>
  </testcase> <!-- @AfterMethod browserQuit -->
  <testcase classname="testscript.BaseClass" name="@BeforeMethod intializeBrowser" time="-1.718728490518E9">
    <failure type="org.testng.TestNGException" message="
Parameter &amp;apos;browser&amp;apos; is required by BeforeMethod on method intializeBrowser but has not been marked @Optional or defined
in C:\Users\Sablals\eclipse-workspace\7rMart_Project\testNG.xml">
      <![CDATA[org.testng.TestNGException: 
Parameter 'browser' is required by BeforeMethod on method intializeBrowser but has not been marked @Optional or defined
in C:\Users\Sablals\eclipse-workspace\7rMart_Project\testNG.xml
at java.base/java.util.ArrayList.forEach(ArrayList.java:1511)
... Removed 32 stack frames]]>
    </failure>
  </testcase> <!-- @BeforeMethod intializeBrowser -->
  <testcase classname="testscript.BaseClass" name="@AfterMethod browserQuit" time="0.0">
    <skipped/>
  </testcase> <!-- @AfterMethod browserQuit -->
  <testcase classname="testscript.BaseClass" name="@BeforeMethod intializeBrowser" time="-1.718728490523E9">
    <failure type="org.testng.TestNGException" message="
Parameter &amp;apos;browser&amp;apos; is required by BeforeMethod on method intializeBrowser but has not been marked @Optional or defined
in C:\Users\Sablals\eclipse-workspace\7rMart_Project\testNG.xml">
      <![CDATA[org.testng.TestNGException: 
Parameter 'browser' is required by BeforeMethod on method intializeBrowser but has not been marked @Optional or defined
in C:\Users\Sablals\eclipse-workspace\7rMart_Project\testNG.xml
at java.base/java.util.ArrayList.forEach(ArrayList.java:1511)
... Removed 32 stack frames]]>
    </failure>
  </testcase> <!-- @BeforeMethod intializeBrowser -->
  <testcase classname="testscript.BaseClass" name="@AfterMethod browserQuit" time="0.0">
    <skipped/>
  </testcase> <!-- @AfterMethod browserQuit -->
  <testcase classname="testscript.AdminTest" name="adminPage" time="0.0">
    <skipped/>
  </testcase> <!-- adminPage -->
  <testcase classname="testscript.LoginTest" name="verifyInvalidUsernameAndValidPassword" time="0.0">
    <skipped/>
  </testcase> <!-- verifyInvalidUsernameAndValidPassword -->
  <testcase classname="testscript.LoginTest" name="verifyInvalidUsernameAndValidPassword" time="0.0">
    <skipped/>
  </testcase> <!-- verifyInvalidUsernameAndValidPassword -->
  <testcase classname="testscript.LoginTest" name="verifyTheUserAbleToLoginInValidCredentials" time="0.0">
    <failure type="org.testng.TestNGException" message="
Parameter &amp;apos;username&amp;apos; is required by @Test on method verifyTheUserAbleToLoginInValidCredentials but has not been marked @Optional or defined
in C:\Users\Sablals\eclipse-workspace\7rMart_Project\testNG.xml">
      <![CDATA[org.testng.TestNGException: 
Parameter 'username' is required by @Test on method verifyTheUserAbleToLoginInValidCredentials but has not been marked @Optional or defined
in C:\Users\Sablals\eclipse-workspace\7rMart_Project\testNG.xml
at java.base/java.util.ArrayList.forEach(ArrayList.java:1511)
... Removed 30 stack frames]]>
    </failure>
  </testcase> <!-- verifyTheUserAbleToLoginInValidCredentials -->
  <testcase classname="testscript.LoginTest" name="verifyTheUserAbleToLoginValidCredentials" time="0.0">
    <failure type="org.testng.TestNGException" message="
Parameter &amp;apos;browser&amp;apos; is required by @Test on method verifyTheUserAbleToLoginValidCredentials but has not been marked @Optional or defined
in C:\Users\Sablals\eclipse-workspace\7rMart_Project\testNG.xml">
      <![CDATA[org.testng.TestNGException: 
Parameter 'browser' is required by @Test on method verifyTheUserAbleToLoginValidCredentials but has not been marked @Optional or defined
in C:\Users\Sablals\eclipse-workspace\7rMart_Project\testNG.xml
at java.base/java.util.ArrayList.forEach(ArrayList.java:1511)
... Removed 30 stack frames]]>
    </failure>
  </testcase> <!-- verifyTheUserAbleToLoginValidCredentials -->
  <testcase classname="testscript.LoginTest" name="verifyValidUsernameAndInvalidPassword" time="0.0">
    <skipped/>
  </testcase> <!-- verifyValidUsernameAndInvalidPassword -->
</testsuite> <!-- Testng.xml -->
